[2025-04-23 12:55:07,216][flwr][WARNING] - DEPRECATED FEATURE: flwr.simulation.start_simulation() is deprecated.
	Instead, use the `flwr run` CLI command to start a local simulation in your Flower app, as shown for example below:

		$ flwr new  # Create a new Flower app from a template

		$ flwr run  # Run the Flower app in Simulation Mode

	Using `start_simulation()` is deprecated.

            This is a deprecated feature. It will be removed
            entirely in future versions of Flower.
        
[2025-04-23 12:55:07,216][flwr][INFO] - Starting Flower simulation, config: num_rounds=10, no round_timeout
[2025-04-23 12:55:09,994][flwr][INFO] - Flower VCE: Ray initialized with resources: {'CPU': 8.0, 'object_store_memory': 2147483648.0, 'node:127.0.0.1': 1.0, 'memory': 9560883200.0, 'node:__internal_head__': 1.0}
[2025-04-23 12:55:09,994][flwr][INFO] - Optimize your simulation with Flower VCE: https://flower.ai/docs/framework/how-to-run-simulations.html
[2025-04-23 12:55:09,994][flwr][INFO] - Flower VCE: Resources for each Virtual Client: {'num_cpus': 2, 'num_gpus': 0}
[2025-04-23 12:55:10,001][flwr][INFO] - Flower VCE: Creating VirtualClientEngineActorPool with 4 actors
[2025-04-23 12:55:10,001][flwr][INFO] - [INIT]
[2025-04-23 12:55:10,001][flwr][INFO] - Using initial global parameters provided by strategy
[2025-04-23 12:55:10,001][flwr][INFO] - Starting evaluation of initial global parameters
[2025-04-23 12:55:29,874][flwr][INFO] - initial parameters (loss, other metrics): 0.06642853644586379, {'accuracy': 0.02064516129032258}
[2025-04-23 12:55:29,874][flwr][INFO] - 
[2025-04-23 12:55:29,874][flwr][INFO] - [ROUND 1]
[2025-04-23 12:55:29,874][flwr][INFO] - configure_fit: strategy sampled 4 clients (out of 4)
[2025-04-23 13:08:51,731][flwr][INFO] - aggregate_fit: received 4 results and 0 failures
[2025-04-23 13:08:51,748][flwr][WARNING] - No fit_metrics_aggregation_fn provided
[2025-04-23 13:09:13,279][flwr][INFO] - fit progress: (1, 0.052587182906366166, {'accuracy': 0.4821505376344086}, 823.3428559999738)
[2025-04-23 13:09:13,280][flwr][INFO] - configure_evaluate: no clients selected, skipping evaluation
[2025-04-23 13:09:13,280][flwr][INFO] - 
[2025-04-23 13:09:13,280][flwr][INFO] - [ROUND 2]
[2025-04-23 13:09:13,280][flwr][INFO] - configure_fit: strategy sampled 4 clients (out of 4)
[2025-04-23 14:13:47,180][flwr][INFO] - aggregate_fit: received 4 results and 0 failures
[2025-04-23 14:14:10,283][flwr][INFO] - fit progress: (2, 0.04283275465811453, {'accuracy': 0.5421505376344086}, 1667.8070897079888)
[2025-04-23 14:14:10,283][flwr][INFO] - configure_evaluate: no clients selected, skipping evaluation
[2025-04-23 14:14:10,283][flwr][INFO] - 
[2025-04-23 14:14:10,283][flwr][INFO] - [ROUND 3]
[2025-04-23 14:14:10,283][flwr][INFO] - configure_fit: strategy sampled 4 clients (out of 4)
[2025-04-23 15:09:04,021][flwr][INFO] - aggregate_fit: received 4 results and 0 failures
[2025-04-23 15:09:23,001][flwr][INFO] - fit progress: (3, 0.04095300675720297, {'accuracy': 0.5967741935483871}, 2430.8892158749804)
[2025-04-23 15:09:23,001][flwr][INFO] - configure_evaluate: no clients selected, skipping evaluation
[2025-04-23 15:09:23,001][flwr][INFO] - 
[2025-04-23 15:09:23,001][flwr][INFO] - [ROUND 4]
[2025-04-23 15:09:23,001][flwr][INFO] - configure_fit: strategy sampled 4 clients (out of 4)
[2025-04-23 15:37:51,050][flwr][INFO] - aggregate_fit: received 4 results and 0 failures
[2025-04-23 15:38:26,129][flwr][INFO] - fit progress: (4, 0.04051809427558735, {'accuracy': 0.5980645161290322}, 3226.2089327079884)
[2025-04-23 15:38:26,129][flwr][INFO] - configure_evaluate: no clients selected, skipping evaluation
[2025-04-23 15:38:26,129][flwr][INFO] - 
[2025-04-23 15:38:26,129][flwr][INFO] - [ROUND 5]
[2025-04-23 15:38:26,130][flwr][INFO] - configure_fit: strategy sampled 4 clients (out of 4)
[2025-04-23 16:03:07,827][flwr][INFO] - aggregate_fit: received 4 results and 0 failures
[2025-04-23 16:19:03,105][flwr][INFO] - fit progress: (5, 0.03547043222413268, {'accuracy': 0.6081720430107527}, 4123.697497749992)
[2025-04-23 16:19:03,105][flwr][INFO] - configure_evaluate: no clients selected, skipping evaluation
[2025-04-23 16:19:03,105][flwr][INFO] - 
[2025-04-23 16:19:03,105][flwr][INFO] - [ROUND 6]
[2025-04-23 16:19:03,106][flwr][INFO] - configure_fit: strategy sampled 4 clients (out of 4)
[2025-04-23 16:46:57,960][flwr][INFO] - aggregate_fit: received 4 results and 0 failures
[2025-04-23 16:47:16,746][flwr][INFO] - fit progress: (6, 0.035613007151311445, {'accuracy': 0.6086021505376344}, 4880.9738786249945)
[2025-04-23 16:47:16,746][flwr][INFO] - configure_evaluate: no clients selected, skipping evaluation
[2025-04-23 16:47:16,746][flwr][INFO] - 
[2025-04-23 16:47:16,746][flwr][INFO] - [ROUND 7]
[2025-04-23 16:47:16,746][flwr][INFO] - configure_fit: strategy sampled 4 clients (out of 4)
[2025-04-23 17:22:46,440][flwr][INFO] - aggregate_fit: received 4 results and 0 failures
[2025-04-23 17:23:07,099][flwr][INFO] - fit progress: (7, 0.03398357321337987, {'accuracy': 0.6193548387096774}, 5678.010242832999)
[2025-04-23 17:23:07,100][flwr][INFO] - configure_evaluate: no clients selected, skipping evaluation
[2025-04-23 17:23:07,100][flwr][INFO] - 
[2025-04-23 17:23:07,100][flwr][INFO] - [ROUND 8]
[2025-04-23 17:23:07,100][flwr][INFO] - configure_fit: strategy sampled 4 clients (out of 4)
[2025-04-23 18:43:06,474][flwr][INFO] - aggregate_fit: received 4 results and 0 failures
[2025-04-23 18:43:25,427][flwr][INFO] - fit progress: (8, 0.03515567140954156, {'accuracy': 0.6116129032258064}, 6438.369070999994)
[2025-04-23 18:43:25,428][flwr][INFO] - configure_evaluate: no clients selected, skipping evaluation
[2025-04-23 18:43:25,428][flwr][INFO] - 
[2025-04-23 18:43:25,428][flwr][INFO] - [ROUND 9]
[2025-04-23 18:43:25,428][flwr][INFO] - configure_fit: strategy sampled 4 clients (out of 4)
[2025-04-23 18:56:07,694][flwr][INFO] - aggregate_fit: received 4 results and 0 failures
[2025-04-23 18:56:26,829][flwr][INFO] - fit progress: (9, 0.03489304083729944, {'accuracy': 0.6268817204301075}, 7219.770131124998)
[2025-04-23 18:56:26,829][flwr][INFO] - configure_evaluate: no clients selected, skipping evaluation
[2025-04-23 18:56:26,829][flwr][INFO] - 
[2025-04-23 18:56:26,829][flwr][INFO] - [ROUND 10]
[2025-04-23 18:56:26,830][flwr][INFO] - configure_fit: strategy sampled 4 clients (out of 4)
[2025-04-23 19:14:00,844][flwr][INFO] - aggregate_fit: received 4 results and 0 failures
[2025-04-23 19:14:20,756][flwr][INFO] - fit progress: (10, 0.03448860262951223, {'accuracy': 0.6262365591397849}, 8010.016522124992)
[2025-04-23 19:14:20,756][flwr][INFO] - configure_evaluate: no clients selected, skipping evaluation
[2025-04-23 19:14:20,758][flwr][INFO] - 
[2025-04-23 19:14:20,759][flwr][INFO] - [SUMMARY]
[2025-04-23 19:14:20,759][flwr][INFO] - Run finished 10 round(s) in 8010.02s
[2025-04-23 19:14:20,759][flwr][INFO] - 	History (loss, centralized):
[2025-04-23 19:14:20,759][flwr][INFO] - 		round 0: 0.06642853644586379
[2025-04-23 19:14:20,759][flwr][INFO] - 		round 1: 0.052587182906366166
[2025-04-23 19:14:20,759][flwr][INFO] - 		round 2: 0.04283275465811453
[2025-04-23 19:14:20,759][flwr][INFO] - 		round 3: 0.04095300675720297
[2025-04-23 19:14:20,759][flwr][INFO] - 		round 4: 0.04051809427558735
[2025-04-23 19:14:20,759][flwr][INFO] - 		round 5: 0.03547043222413268
[2025-04-23 19:14:20,759][flwr][INFO] - 		round 6: 0.035613007151311445
[2025-04-23 19:14:20,759][flwr][INFO] - 		round 7: 0.03398357321337987
[2025-04-23 19:14:20,759][flwr][INFO] - 		round 8: 0.03515567140954156
[2025-04-23 19:14:20,759][flwr][INFO] - 		round 9: 0.03489304083729944
[2025-04-23 19:14:20,759][flwr][INFO] - 		round 10: 0.03448860262951223
[2025-04-23 19:14:20,759][flwr][INFO] - 	History (metrics, centralized):
[2025-04-23 19:14:20,759][flwr][INFO] - 	{'accuracy': [(0, 0.02064516129032258),
[2025-04-23 19:14:20,759][flwr][INFO] - 	              (1, 0.4821505376344086),
[2025-04-23 19:14:20,759][flwr][INFO] - 	              (2, 0.5421505376344086),
[2025-04-23 19:14:20,759][flwr][INFO] - 	              (3, 0.5967741935483871),
[2025-04-23 19:14:20,759][flwr][INFO] - 	              (4, 0.5980645161290322),
[2025-04-23 19:14:20,759][flwr][INFO] - 	              (5, 0.6081720430107527),
[2025-04-23 19:14:20,759][flwr][INFO] - 	              (6, 0.6086021505376344),
[2025-04-23 19:14:20,759][flwr][INFO] - 	              (7, 0.6193548387096774),
[2025-04-23 19:14:20,759][flwr][INFO] - 	              (8, 0.6116129032258064),
[2025-04-23 19:14:20,759][flwr][INFO] - 	              (9, 0.6268817204301075),
[2025-04-23 19:14:20,759][flwr][INFO] - 	              (10, 0.6262365591397849)]}
[2025-04-23 19:14:20,759][flwr][INFO] - 
